<?xml version="1.0" encoding="UTF-8"?>
<!-- Generated by org.testng.reporters.JUnitReportReporter -->
<testsuite skipped="0" hostname="DESKTOP-DNJOJAA" name="saucedemotest.HomePageTest" tests="17" failures="0" timestamp="04 Jun 2022 14:19:00 GMT" time="327.159" errors="0">
  <testcase name="addItemToCartTest3" time="18.071" classname="saucedemotest.HomePageTest"/>
  <testcase name="addItemToCartTest6" time="18.082" classname="saucedemotest.HomePageTest"/>
  <testcase name="menuBarAllItemsTest" time="19.027" classname="saucedemotest.HomePageTest"/>
  <testcase name="addItemToCartTest1" time="18.056" classname="saucedemotest.HomePageTest"/>
  <testcase name="checkOutTest" time="28.580" classname="saucedemotest.HomePageTest"/>
  <testcase name="addItemToCartTest2" time="18.049" classname="saucedemotest.HomePageTest"/>
  <testcase name="invalidLogInTest" time="14.828" classname="saucedemotest.HomePageTest"/>
  <testcase name="menuBarAboutTest" time="20.834" classname="saucedemotest.HomePageTest"/>
  <testcase name="addItemToCartTest4" time="18.061" classname="saucedemotest.HomePageTest"/>
  <testcase name="dragDownZtoATest" time="20.129" classname="saucedemotest.HomePageTest"/>
  <testcase name="addItemToCartTest5" time="18.011" classname="saucedemotest.HomePageTest"/>
  <testcase name="logInTest" time="14.851" classname="saucedemotest.HomePageTest"/>
  <testcase name="addMultipleItemsToCartTest" time="21.105" classname="saucedemotest.HomePageTest"/>
  <testcase name="menuBarLogoutTest" time="19.003" classname="saucedemotest.HomePageTest"/>
  <testcase name="dragDownHightoLowTest" time="20.147" classname="saucedemotest.HomePageTest"/>
  <testcase name="dragDownAtoZTest" time="20.146" classname="saucedemotest.HomePageTest"/>
  <testcase name="dragDownLowtoHighTest" time="20.179" classname="saucedemotest.HomePageTest"/>
</testsuite> <!-- saucedemotest.HomePageTest -->
