<?xml version="1.0" encoding="UTF-8"?>
<!-- Generated by org.testng.reporters.JUnitReportReporter -->
<testsuite skipped="0" hostname="DESKTOP-DNJOJAA" name="uitaptest.HomePageTest" tests="3" failures="0" timestamp="04 Jun 2022 14:19:00 GMT" time="15.557" errors="0">
  <testcase name="logoHyperLinkTest" time="4.813" classname="uitaptest.HomePageTest"/>
  <testcase name="homeHyperLinkTest" time="6.049" classname="uitaptest.HomePageTest"/>
  <testcase name="resourcesHyperLinkTest" time="4.695" classname="uitaptest.HomePageTest"/>
</testsuite> <!-- uitaptest.HomePageTest -->
