<?xml version="1.0" encoding="UTF-8"?>
<!-- Generated by org.testng.reporters.JUnitReportReporter -->
<testsuite skipped="0" hostname="DESKTOP-DNJOJAA" name="uitaptest.VerifyLinkTest" tests="20" failures="0" timestamp="05 Jun 2022 17:54:27 GMT" time="40.800" errors="0">
  <testcase name="clickMouseOverLink" time="1.706" classname="uitaptest.VerifyLinkTest"/>
  <testcase name="clickHomeTab" time="1.714" classname="uitaptest.VerifyLinkTest"/>
  <testcase name="clickSampleAppLink" time="1.697" classname="uitaptest.VerifyLinkTest"/>
  <testcase name="clickVerifyTextLink" time="1.723" classname="uitaptest.VerifyLinkTest"/>
  <testcase name="clickOverlappedLink" time="1.692" classname="uitaptest.VerifyLinkTest"/>
  <testcase name="clickClassAttributeLink" time="1.688" classname="uitaptest.VerifyLinkTest"/>
  <testcase name="clickTextInputLink" time="1.713" classname="uitaptest.VerifyLinkTest"/>
  <testcase name="clickProgressBarLink" time="1.709" classname="uitaptest.VerifyLinkTest"/>
  <testcase name="dynamicIdLinkTest" time="1.671" classname="uitaptest.VerifyLinkTest"/>
  <testcase name="clickLogo" time="3.149" classname="uitaptest.VerifyLinkTest"/>
  <testcase name="clickScrollBarsLink" time="1.943" classname="uitaptest.VerifyLinkTest"/>
  <testcase name="clickNonBreakingSpaceLink" time="1.695" classname="uitaptest.VerifyLinkTest"/>
  <testcase name="clickLink" time="1.725" classname="uitaptest.VerifyLinkTest"/>
  <testcase name="clickAjaxDataLink" time="1.706" classname="uitaptest.VerifyLinkTest"/>
  <testcase name="clickDynamicTableLink" time="1.689" classname="uitaptest.VerifyLinkTest"/>
  <testcase name="clickResourcesTab" time="1.698" classname="uitaptest.VerifyLinkTest"/>
  <testcase name="clickHiddenLayerLink" time="1.696" classname="uitaptest.VerifyLinkTest"/>
  <testcase name="clickVisibilityLink" time="1.739" classname="uitaptest.VerifyLinkTest"/>
  <testcase name="clickClientSideDelayLink" time="1.726" classname="uitaptest.VerifyLinkTest"/>
  <testcase name="clickLoadDelayLink" time="6.721" classname="uitaptest.VerifyLinkTest"/>
</testsuite> <!-- uitaptest.VerifyLinkTest -->
