<?xml version="1.0" encoding="UTF-8"?>
<!-- Generated by org.testng.reporters.JUnitReportReporter -->
<testsuite skipped="0" hostname="DESKTOP-DNJOJAA" name="saucedemotest.LogInTest" tests="3" failures="0" timestamp="05 Jun 2022 17:54:27 GMT" time="5.133" errors="0">
  <testcase name="logInTest" time="1.816" classname="saucedemotest.LogInTest"/>
  <testcase name="validateLogInButton" time="1.597" classname="saucedemotest.LogInTest"/>
  <testcase name="invalidLogInTest" time="1.720" classname="saucedemotest.LogInTest"/>
</testsuite> <!-- saucedemotest.LogInTest -->
