<?xml version="1.0" encoding="UTF-8"?>
<!-- Generated by org.testng.reporters.JUnitReportReporter -->
<testsuite skipped="0" hostname="DESKTOP-DNJOJAA" name="saucedemotest.MenuBarTest" tests="3" failures="0" timestamp="05 Jun 2022 17:54:27 GMT" time="6.748" errors="0">
  <testcase name="menuBarLogoutTest" time="2.065" classname="saucedemotest.MenuBarTest"/>
  <testcase name="menuBarAboutTest" time="2.661" classname="saucedemotest.MenuBarTest"/>
  <testcase name="menuBarAllItemsTest" time="2.022" classname="saucedemotest.MenuBarTest"/>
</testsuite> <!-- saucedemotest.MenuBarTest -->
