<?xml version="1.0" encoding="UTF-8"?>
<!-- Generated by org.testng.reporters.JUnitReportReporter -->
<testsuite skipped="0" hostname="DESKTOP-DNJOJAA" name="saucedemotest.AddItemsToCartTest" tests="7" failures="0" timestamp="05 Jun 2022 17:54:27 GMT" time="13.501" errors="0">
  <testcase name="addBoltShirtToCart" time="1.971" classname="saucedemotest.AddItemsToCartTest"/>
  <testcase name="addBikeLightToCart" time="1.907" classname="saucedemotest.AddItemsToCartTest"/>
  <testcase name="addBackPackToCart" time="1.864" classname="saucedemotest.AddItemsToCartTest"/>
  <testcase name="addRedShirtToCart" time="1.900" classname="saucedemotest.AddItemsToCartTest"/>
  <testcase name="addOnesieToCart" time="1.904" classname="saucedemotest.AddItemsToCartTest"/>
  <testcase name="addFleeceJacketToCart" time="1.871" classname="saucedemotest.AddItemsToCartTest"/>
  <testcase name="addMultipleItemsToCartTest" time="2.084" classname="saucedemotest.AddItemsToCartTest"/>
</testsuite> <!-- saucedemotest.AddItemsToCartTest -->
