<?xml version="1.0" encoding="UTF-8"?>
<!-- Generated by org.testng.reporters.JUnitReportReporter -->
<testsuite skipped="0" hostname="DESKTOP-DNJOJAA" name="saucedemotest.CheckOutTest" tests="2" failures="0" timestamp="05 Jun 2022 17:54:27 GMT" time="4.841" errors="0">
  <testcase name="singleItemCheckOutTest" time="2.351" classname="saucedemotest.CheckOutTest"/>
  <testcase name="mulipleItemsCheckOutTest" time="2.490" classname="saucedemotest.CheckOutTest"/>
</testsuite> <!-- saucedemotest.CheckOutTest -->
