<?xml version="1.0" encoding="UTF-8"?>
<!-- Generated by org.testng.reporters.JUnitReportReporter -->
<testsuite skipped="0" hostname="DESKTOP-DNJOJAA" name="saucedemotest.DragDownTest" tests="4" failures="0" timestamp="05 Jun 2022 17:54:27 GMT" time="8.151" errors="0">
  <testcase name="dragDownAtoZTest" time="2.102" classname="saucedemotest.DragDownTest"/>
  <testcase name="dragDownHightoLowTest" time="2.054" classname="saucedemotest.DragDownTest"/>
  <testcase name="dragDownLowtoHighTest" time="1.993" classname="saucedemotest.DragDownTest"/>
  <testcase name="dragDownZtoATest" time="2.002" classname="saucedemotest.DragDownTest"/>
</testsuite> <!-- saucedemotest.DragDownTest -->
